<?xml version="1.0" encoding="UTF-8" ?>
<testsuite tests="4" failures="0" name="ejbsimple.SimpleEjbBeanTest" time="3.031" errors="4" skipped="0">
  <properties>
[...]
</properties>
  <testcase classname="ejbsimple.SimpleEjbBeanTest" name="testArrayCount" time="0.016">
    <error message="Name &quot;global/ejb_statelessbean_embedded_template/MySimpleBean&quot; not found." type="javax.naming.NameNotFoundException">javax.naming.NameNotFoundException: Name &quot;global/ejb_statelessbean_embedded_template/MySimpleBean&quot; not found.
	at org.apache.openejb.core.ivm.naming.IvmContext.federate(IvmContext.java:195)
	at org.apache.openejb.core.ivm.naming.IvmContext.lookup(IvmContext.java:149)
	at org.apache.xbean.naming.context.ContextFlyweight.lookup(ContextFlyweight.java:55)
	at ejbsimple.SimpleEjbBeanTest.findBean(SimpleEjbBeanTest.java:47)
	at sun.reflect.NativeMethodAccessorImpl.invoke0(Native Method)
	at sun.reflect.NativeMethodAccessorImpl.invoke(NativeMethodAccessorImpl.java:62)
	at sun.reflect.DelegatingMethodAccessorImpl.invoke(DelegatingMethodAccessorImpl.java:43)
	at java.lang.reflect.Method.invoke(Method.java:497)
	at org.junit.runners.model.FrameworkMethod$1.runReflectiveCall(FrameworkMethod.java:50)
	at org.junit.internal.runners.model.ReflectiveCallable.run(ReflectiveCallable.java:12)
	at org.junit.runners.model.FrameworkMethod.invokeExplosively(FrameworkMethod.java:47)
	at org.junit.internal.runners.statements.RunBefores.evaluate(RunBefores.java:24)
	at org.junit.runners.ParentRunner.runLeaf(ParentRunner.java:325)
	at org.junit.runners.BlockJUnit4ClassRunner.runChild(BlockJUnit4ClassRunner.java:78)
	at org.junit.runners.BlockJUnit4ClassRunner.runChild(BlockJUnit4ClassRunner.java:57)
	at org.junit.runners.ParentRunner$3.run(ParentRunner.java:290)
	at org.junit.runners.ParentRunner$1.schedule(ParentRunner.java:71)
	at org.junit.runners.ParentRunner.runChildren(ParentRunner.java:288)
	at org.junit.runners.ParentRunner.access$000(ParentRunner.java:58)
	at org.junit.runners.ParentRunner$2.evaluate(ParentRunner.java:268)
	at org.junit.internal.runners.statements.RunBefores.evaluate(RunBefores.java:26)
	at org.junit.internal.runners.statements.RunAfters.evaluate(RunAfters.java:27)
	at org.junit.runners.ParentRunner.run(ParentRunner.java:363)
	at org.apache.maven.surefire.junit4.JUnit4TestSet.execute(JUnit4TestSet.java:53)
	at org.apache.maven.surefire.junit4.JUnit4Provider.executeTestSet(JUnit4Provider.java:123)
	at org.apache.maven.surefire.junit4.JUnit4Provider.invoke(JUnit4Provider.java:104)
	at sun.reflect.NativeMethodAccessorImpl.invoke0(Native Method)
	at sun.reflect.NativeMethodAccessorImpl.invoke(NativeMethodAccessorImpl.java:62)
	at sun.reflect.DelegatingMethodAccessorImpl.invoke(DelegatingMethodAccessorImpl.java:43)
	at java.lang.reflect.Method.invoke(Method.java:497)
	at org.apache.maven.surefire.util.ReflectionUtils.invokeMethodWithArray(ReflectionUtils.java:164)
	at org.apache.maven.surefire.booter.ProviderFactory$ProviderProxy.invoke(ProviderFactory.java:110)
	at org.apache.maven.surefire.booter.SurefireStarter.invokeProvider(SurefireStarter.java:175)
	at org.apache.maven.surefire.booter.SurefireStarter.runSuitesInProcessWhenForked(SurefireStarter.java:107)
	at org.apache.maven.surefire.booter.ForkedBooter.main(ForkedBooter.java:68)
</error>
    <system-err>INFO - ********************************************************************************
INFO - OpenEJB http://openejb.apache.org/
INFO - Startup: Fri Dec 11 13:07:55 EET 2015
INFO - Copyright 1999-2012 (C) Apache OpenEJB Project, All Rights Reserved.
INFO - Version: 4.0.0
INFO - Build date: 20120426
INFO - Build time: 08:49
INFO - ********************************************************************************
INFO - openejb.home = /home/juha/jee/was-esimerkit/ejb_statelessbean_simple
INFO - openejb.base = /home/juha/jee/was-esimerkit/ejb_statelessbean_simple
INFO - Created new singletonService org.apache.openejb.cdi.ThreadSingletonServiceImpl@49e4cb85
INFO - succeeded in installing singleton service
INFO - Using &apos;javax.ejb.embeddable.EJBContainer=true&apos;
INFO - Cannot find the configuration file [conf/openejb.xml].  Will attempt to create one for the beans deployed.
INFO - Configuring Service(id=Default Security Service, type=SecurityService, provider-id=Default Security Service)
INFO - Configuring Service(id=Default Transaction Manager, type=TransactionManager, provider-id=Default Transaction Manager)
INFO - Creating TransactionManager(id=Default Transaction Manager)
INFO - Creating SecurityService(id=Default Security Service)
INFO - Beginning load: /home/juha/jee/was-esimerkit/ejb_statelessbean_simple/target/classes
INFO - Using &apos;openejb.embedded=true&apos;
INFO - Configuring enterprise application: /home/juha/jee/was-esimerkit/ejb_statelessbean_simple
INFO - Auto-deploying ejb MySimpleBean: EjbDeployment(deployment-id=MySimpleBean)
INFO - Configuring Service(id=Default Stateless Container, type=Container, provider-id=Default Stateless Container)
INFO - Auto-creating a container for bean MySimpleBean: Container(type=STATELESS, id=Default Stateless Container)
INFO - Creating Container(id=Default Stateless Container)
INFO - Configuring Service(id=Default Managed Container, type=Container, provider-id=Default Managed Container)
INFO - Auto-creating a container for bean ejbsimple.SimpleEjbBeanTest: Container(type=MANAGED, id=Default Managed Container)
INFO - Creating Container(id=Default Managed Container)
INFO - Using directory /tmp for stateful session passivation
INFO - Enterprise application &quot;/home/juha/jee/was-esimerkit/ejb_statelessbean_simple&quot; loaded.
INFO - Assembling app: /home/juha/jee/was-esimerkit/ejb_statelessbean_simple
INFO - ignoreXmlConfiguration == true
INFO - ignoreXmlConfiguration == true
INFO - Jndi(name=&quot;java:global/ejb_statelessbean_simple/MySimpleBean!ejbsimple.MySimpleBean&quot;)
INFO - Jndi(name=&quot;java:global/ejb_statelessbean_simple/MySimpleBean&quot;)
INFO - existing thread singleton service in SystemInstance() org.apache.openejb.cdi.ThreadSingletonServiceImpl@49e4cb85
INFO - OpenWebBeans Container is starting...
INFO - Adding OpenWebBeansPlugin : [CdiPlugin]
INFO - Adding OpenWebBeansPlugin : [OpenWebBeansJsfPlugin]
INFO - All injection points were validated successfully.
INFO - OpenWebBeans Container has started, it took [108] ms.
INFO - Created Ejb(deployment-id=MySimpleBean, ejb-name=MySimpleBean, container=Default Stateless Container)
INFO - Started Ejb(deployment-id=MySimpleBean, ejb-name=MySimpleBean, container=Default Stateless Container)
INFO - Deployed Application(path=/home/juha/jee/was-esimerkit/ejb_statelessbean_simple)
</system-err>
  </testcase>
  <testcase classname="ejbsimple.SimpleEjbBeanTest" name="testCount" time="0.009">
    <error message="Name &quot;global/ejb_statelessbean_embedded_template/MySimpleBean&quot; not found." type="javax.naming.NameNotFoundException">javax.naming.NameNotFoundException: Name &quot;global/ejb_statelessbean_embedded_template/MySimpleBean&quot; not found.
	at org.apache.openejb.core.ivm.naming.IvmContext.federate(IvmContext.java:195)
	at org.apache.openejb.core.ivm.naming.IvmContext.lookup(IvmContext.java:149)
	at org.apache.xbean.naming.context.ContextFlyweight.lookup(ContextFlyweight.java:55)
	at ejbsimple.SimpleEjbBeanTest.findBean(SimpleEjbBeanTest.java:47)
	at sun.reflect.NativeMethodAccessorImpl.invoke0(Native Method)
	at sun.reflect.NativeMethodAccessorImpl.invoke(NativeMethodAccessorImpl.java:62)
	at sun.reflect.DelegatingMethodAccessorImpl.invoke(DelegatingMethodAccessorImpl.java:43)
	at java.lang.reflect.Method.invoke(Method.java:497)
	at org.junit.runners.model.FrameworkMethod$1.runReflectiveCall(FrameworkMethod.java:50)
	at org.junit.internal.runners.model.ReflectiveCallable.run(ReflectiveCallable.java:12)
	at org.junit.runners.model.FrameworkMethod.invokeExplosively(FrameworkMethod.java:47)
	at org.junit.internal.runners.statements.RunBefores.evaluate(RunBefores.java:24)
	at org.junit.runners.ParentRunner.runLeaf(ParentRunner.java:325)
	at org.junit.runners.BlockJUnit4ClassRunner.runChild(BlockJUnit4ClassRunner.java:78)
	at org.junit.runners.BlockJUnit4ClassRunner.runChild(BlockJUnit4ClassRunner.java:57)
	at org.junit.runners.ParentRunner$3.run(ParentRunner.java:290)
	at org.junit.runners.ParentRunner$1.schedule(ParentRunner.java:71)
	at org.junit.runners.ParentRunner.runChildren(ParentRunner.java:288)
	at org.junit.runners.ParentRunner.access$000(ParentRunner.java:58)
	at org.junit.runners.ParentRunner$2.evaluate(ParentRunner.java:268)
	at org.junit.internal.runners.statements.RunBefores.evaluate(RunBefores.java:26)
	at org.junit.internal.runners.statements.RunAfters.evaluate(RunAfters.java:27)
	at org.junit.runners.ParentRunner.run(ParentRunner.java:363)
	at org.apache.maven.surefire.junit4.JUnit4TestSet.execute(JUnit4TestSet.java:53)
	at org.apache.maven.surefire.junit4.JUnit4Provider.executeTestSet(JUnit4Provider.java:123)
	at org.apache.maven.surefire.junit4.JUnit4Provider.invoke(JUnit4Provider.java:104)
	at sun.reflect.NativeMethodAccessorImpl.invoke0(Native Method)
	at sun.reflect.NativeMethodAccessorImpl.invoke(NativeMethodAccessorImpl.java:62)
	at sun.reflect.DelegatingMethodAccessorImpl.invoke(DelegatingMethodAccessorImpl.java:43)
	at java.lang.reflect.Method.invoke(Method.java:497)
	at org.apache.maven.surefire.util.ReflectionUtils.invokeMethodWithArray(ReflectionUtils.java:164)
	at org.apache.maven.surefire.booter.ProviderFactory$ProviderProxy.invoke(ProviderFactory.java:110)
	at org.apache.maven.surefire.booter.SurefireStarter.invokeProvider(SurefireStarter.java:175)
	at org.apache.maven.surefire.booter.SurefireStarter.runSuitesInProcessWhenForked(SurefireStarter.java:107)
	at org.apache.maven.surefire.booter.ForkedBooter.main(ForkedBooter.java:68)
</error>
  </testcase>
  <testcase classname="ejbsimple.SimpleEjbBeanTest" name="testDoHelloWorld" time="0.002">
    <error message="Name &quot;global/ejb_statelessbean_embedded_template/MySimpleBean&quot; not found." type="javax.naming.NameNotFoundException">javax.naming.NameNotFoundException: Name &quot;global/ejb_statelessbean_embedded_template/MySimpleBean&quot; not found.
	at org.apache.openejb.core.ivm.naming.IvmContext.federate(IvmContext.java:195)
	at org.apache.openejb.core.ivm.naming.IvmContext.lookup(IvmContext.java:149)
	at org.apache.xbean.naming.context.ContextFlyweight.lookup(ContextFlyweight.java:55)
	at ejbsimple.SimpleEjbBeanTest.findBean(SimpleEjbBeanTest.java:47)
	at sun.reflect.NativeMethodAccessorImpl.invoke0(Native Method)
	at sun.reflect.NativeMethodAccessorImpl.invoke(NativeMethodAccessorImpl.java:62)
	at sun.reflect.DelegatingMethodAccessorImpl.invoke(DelegatingMethodAccessorImpl.java:43)
	at java.lang.reflect.Method.invoke(Method.java:497)
	at org.junit.runners.model.FrameworkMethod$1.runReflectiveCall(FrameworkMethod.java:50)
	at org.junit.internal.runners.model.ReflectiveCallable.run(ReflectiveCallable.java:12)
	at org.junit.runners.model.FrameworkMethod.invokeExplosively(FrameworkMethod.java:47)
	at org.junit.internal.runners.statements.RunBefores.evaluate(RunBefores.java:24)
	at org.junit.runners.ParentRunner.runLeaf(ParentRunner.java:325)
	at org.junit.runners.BlockJUnit4ClassRunner.runChild(BlockJUnit4ClassRunner.java:78)
	at org.junit.runners.BlockJUnit4ClassRunner.runChild(BlockJUnit4ClassRunner.java:57)
	at org.junit.runners.ParentRunner$3.run(ParentRunner.java:290)
	at org.junit.runners.ParentRunner$1.schedule(ParentRunner.java:71)
	at org.junit.runners.ParentRunner.runChildren(ParentRunner.java:288)
	at org.junit.runners.ParentRunner.access$000(ParentRunner.java:58)
	at org.junit.runners.ParentRunner$2.evaluate(ParentRunner.java:268)
	at org.junit.internal.runners.statements.RunBefores.evaluate(RunBefores.java:26)
	at org.junit.internal.runners.statements.RunAfters.evaluate(RunAfters.java:27)
	at org.junit.runners.ParentRunner.run(ParentRunner.java:363)
	at org.apache.maven.surefire.junit4.JUnit4TestSet.execute(JUnit4TestSet.java:53)
	at org.apache.maven.surefire.junit4.JUnit4Provider.executeTestSet(JUnit4Provider.java:123)
	at org.apache.maven.surefire.junit4.JUnit4Provider.invoke(JUnit4Provider.java:104)
	at sun.reflect.NativeMethodAccessorImpl.invoke0(Native Method)
	at sun.reflect.NativeMethodAccessorImpl.invoke(NativeMethodAccessorImpl.java:62)
	at sun.reflect.DelegatingMethodAccessorImpl.invoke(DelegatingMethodAccessorImpl.java:43)
	at java.lang.reflect.Method.invoke(Method.java:497)
	at org.apache.maven.surefire.util.ReflectionUtils.invokeMethodWithArray(ReflectionUtils.java:164)
	at org.apache.maven.surefire.booter.ProviderFactory$ProviderProxy.invoke(ProviderFactory.java:110)
	at org.apache.maven.surefire.booter.SurefireStarter.invokeProvider(SurefireStarter.java:175)
	at org.apache.maven.surefire.booter.SurefireStarter.runSuitesInProcessWhenForked(SurefireStarter.java:107)
	at org.apache.maven.surefire.booter.ForkedBooter.main(ForkedBooter.java:68)
</error>
  </testcase>
  <testcase classname="ejbsimple.SimpleEjbBeanTest" name="testReverse" time="0.002">
    <error message="Name &quot;global/ejb_statelessbean_embedded_template/MySimpleBean&quot; not found." type="javax.naming.NameNotFoundException">javax.naming.NameNotFoundException: Name &quot;global/ejb_statelessbean_embedded_template/MySimpleBean&quot; not found.
	at org.apache.openejb.core.ivm.naming.IvmContext.federate(IvmContext.java:195)
	at org.apache.openejb.core.ivm.naming.IvmContext.lookup(IvmContext.java:149)
	at org.apache.xbean.naming.context.ContextFlyweight.lookup(ContextFlyweight.java:55)
	at ejbsimple.SimpleEjbBeanTest.findBean(SimpleEjbBeanTest.java:47)
	at sun.reflect.NativeMethodAccessorImpl.invoke0(Native Method)
	at sun.reflect.NativeMethodAccessorImpl.invoke(NativeMethodAccessorImpl.java:62)
	at sun.reflect.DelegatingMethodAccessorImpl.invoke(DelegatingMethodAccessorImpl.java:43)
	at java.lang.reflect.Method.invoke(Method.java:497)
	at org.junit.runners.model.FrameworkMethod$1.runReflectiveCall(FrameworkMethod.java:50)
	at org.junit.internal.runners.model.ReflectiveCallable.run(ReflectiveCallable.java:12)
	at org.junit.runners.model.FrameworkMethod.invokeExplosively(FrameworkMethod.java:47)
	at org.junit.internal.runners.statements.RunBefores.evaluate(RunBefores.java:24)
	at org.junit.runners.ParentRunner.runLeaf(ParentRunner.java:325)
	at org.junit.runners.BlockJUnit4ClassRunner.runChild(BlockJUnit4ClassRunner.java:78)
	at org.junit.runners.BlockJUnit4ClassRunner.runChild(BlockJUnit4ClassRunner.java:57)
	at org.junit.runners.ParentRunner$3.run(ParentRunner.java:290)
	at org.junit.runners.ParentRunner$1.schedule(ParentRunner.java:71)
	at org.junit.runners.ParentRunner.runChildren(ParentRunner.java:288)
	at org.junit.runners.ParentRunner.access$000(ParentRunner.java:58)
	at org.junit.runners.ParentRunner$2.evaluate(ParentRunner.java:268)
	at org.junit.internal.runners.statements.RunBefores.evaluate(RunBefores.java:26)
	at org.junit.internal.runners.statements.RunAfters.evaluate(RunAfters.java:27)
	at org.junit.runners.ParentRunner.run(ParentRunner.java:363)
	at org.apache.maven.surefire.junit4.JUnit4TestSet.execute(JUnit4TestSet.java:53)
	at org.apache.maven.surefire.junit4.JUnit4Provider.executeTestSet(JUnit4Provider.java:123)
	at org.apache.maven.surefire.junit4.JUnit4Provider.invoke(JUnit4Provider.java:104)
	at sun.reflect.NativeMethodAccessorImpl.invoke0(Native Method)
	at sun.reflect.NativeMethodAccessorImpl.invoke(NativeMethodAccessorImpl.java:62)
	at sun.reflect.DelegatingMethodAccessorImpl.invoke(DelegatingMethodAccessorImpl.java:43)
	at java.lang.reflect.Method.invoke(Method.java:497)
	at org.apache.maven.surefire.util.ReflectionUtils.invokeMethodWithArray(ReflectionUtils.java:164)
	at org.apache.maven.surefire.booter.ProviderFactory$ProviderProxy.invoke(ProviderFactory.java:110)
	at org.apache.maven.surefire.booter.SurefireStarter.invokeProvider(SurefireStarter.java:175)
	at org.apache.maven.surefire.booter.SurefireStarter.runSuitesInProcessWhenForked(SurefireStarter.java:107)
	at org.apache.maven.surefire.booter.ForkedBooter.main(ForkedBooter.java:68)
</error>
  </testcase>
</testsuite>